<?xml version="1.0" encoding="UTF-8"?>
<testsuite xmlns:xsi="http://www.w3.org/2001/XMLSchema-instance" xsi:noNamespaceSchemaLocation="https://maven.apache.org/surefire/maven-surefire-plugin/xsd/surefire-test-report.xsd" name="com.javacourse2018.lw03.service.FormulaCalculatorImplTests" time="0.056" tests="15" errors="0" skipped="0" failures="0">
  <properties>
[...]
</properties>
  <testcase name="can_add_numbers" classname="com.javacourse2018.lw03.service.FormulaCalculatorImplTests" time="0.003"/>
  <testcase name="can_concatenate_strings_in_cells" classname="com.javacourse2018.lw03.service.FormulaCalculatorImplTests" time="0.002"/>
  <testcase name="throw_exception_when_trying_division_string_in_second_argument" classname="com.javacourse2018.lw03.service.FormulaCalculatorImplTests" time="0.003"/>
  <testcase name="if_formula_contains_incorrect_operation_throw_exception" classname="com.javacourse2018.lw03.service.FormulaCalculatorImplTests" time="0.005"/>
  <testcase name="throw_exception_if_formula_contains_nonexisting_cell" classname="com.javacourse2018.lw03.service.FormulaCalculatorImplTests" time="0.003"/>
  <testcase name="can_multiply_numbers" classname="com.javacourse2018.lw03.service.FormulaCalculatorImplTests" time="0.002"/>
  <testcase name="can_concatenate_string_with_number" classname="com.javacourse2018.lw03.service.FormulaCalculatorImplTests" time="0.003"/>
  <testcase name="if_formula_incorrect_throw_exception" classname="com.javacourse2018.lw03.service.FormulaCalculatorImplTests" time="0.002"/>
  <testcase name="can_sub_numbers" classname="com.javacourse2018.lw03.service.FormulaCalculatorImplTests" time="0.003"/>
  <testcase name="can_division_numbers" classname="com.javacourse2018.lw03.service.FormulaCalculatorImplTests" time="0.002"/>
  <testcase name="throw_exception_when_trying_multiply_string_in_first_argument" classname="com.javacourse2018.lw03.service.FormulaCalculatorImplTests" time="0.003"/>
  <testcase name="can_concatenate_string" classname="com.javacourse2018.lw03.service.FormulaCalculatorImplTests" time="0.002"/>
  <testcase name="can_calculate_1" classname="com.javacourse2018.lw03.service.FormulaCalculatorImplTests" time="0.003"/>
  <testcase name="can_calculate_2" classname="com.javacourse2018.lw03.service.FormulaCalculatorImplTests" time="0.009"/>
  <testcase name="can_calculate_3" classname="com.javacourse2018.lw03.service.FormulaCalculatorImplTests" time="0.004"/>
</testsuite>