<?xml version="1.0" encoding="UTF-8"?>
<testsuite xmlns:xsi="http://www.w3.org/2001/XMLSchema-instance" xsi:noNamespaceSchemaLocation="https://maven.apache.org/surefire/maven-surefire-plugin/xsd/surefire-test-report.xsd" name="com.javacourse2018.service.PatchFileParserImplTest" time="0.009" tests="4" errors="0" skipped="0" failures="0">
  <properties>
[...]
</properties>
  <testcase name="testParserCanParseDifferentBlocks" classname="com.javacourse2018.service.PatchFileParserImplTest" time="0"/>
  <testcase name="testTryingParseBrokenFile" classname="com.javacourse2018.service.PatchFileParserImplTest" time="0.005"/>
  <testcase name="testParserCanParseLargeFile" classname="com.javacourse2018.service.PatchFileParserImplTest" time="0"/>
  <testcase name="testUserCanParseUserInf" classname="com.javacourse2018.service.PatchFileParserImplTest" time="0"/>
</testsuite>